Build started 6.6.2017 17:39:05.
     1>Project "c:\Users\Mato\Fixer\cuda_aruco\build\utils\aruco_board_pix2meters.vcxproj" on node 2 (Rebuild target(s)).
     1>CustomBuild:
         Building Custom Rule C:/Users/Mato/Fixer/cuda_aruco/utils/CMakeLists.txt
         CMake does not need to re-run because C:/Users/Mato/Fixer/cuda_aruco/build/utils/CMakeFiles/generate.stamp is up-to-date.
       ClCompile:
         C:\Program Files (x86)\Microsoft Visual Studio 12.0\VC\bin\x86_amd64\CL.exe /c /IC:\Intel\INDE\OpenCV_3.1_build_x64 /IC:\Intel\INDE\OpenCV_3.1_src\include /IC:\Intel\INDE\OpenCV_3.1_src\include\opencv /IC:\Intel\INDE\OpenCV_3.1_src\modules\cudev\include /IC:\Intel\INDE\OpenCV_3.1_src\modules\hal\include /IC:\Intel\INDE\OpenCV_3.1_src\modules\core\include /IC:\Intel\INDE\OpenCV_3.1_src\modules\cudaarithm\include /IC:\Intel\INDE\OpenCV_3.1_src\modules\flann\include /IC:\Intel\INDE\OpenCV_3.1_src\modules\imgproc\include /IC:\Intel\INDE\OpenCV_3.1_src\modules\ml\include /IC:\Intel\INDE\OpenCV_3.1_src\modules\video\include /IC:\Intel\INDE\OpenCV_3.1_src\modules\cudabgsegm\include /IC:\Intel\INDE\OpenCV_3.1_src\modules\cudafilters\include /IC:\Intel\INDE\OpenCV_3.1_src\modules\cudaimgproc\include /IC:\Intel\INDE\OpenCV_3.1_src\modules\cudawarping\include /IC:\Intel\INDE\OpenCV_3.1_src\modules\imgcodecs\include /IC:\Intel\INDE\OpenCV_3.1_src\modules\photo\include /IC:\Intel\INDE\OpenCV_3.1_src\modules\shape\include /IC:\Intel\INDE\OpenCV_3.1_src\modules\videoio\include /IC:\Intel\INDE\OpenCV_3.1_src\modules\cudacodec\include /IC:\Intel\INDE\OpenCV_3.1_src\modules\highgui\include /IC:\Intel\INDE\OpenCV_3.1_src\modules\objdetect\include /IC:\Intel\INDE\OpenCV_3.1_src\modules\ts\include /IC:\Intel\INDE\OpenCV_3.1_src\modules\features2d\include /IC:\Intel\INDE\OpenCV_3.1_src\modules\calib3d\include /IC:\Intel\INDE\OpenCV_3.1_src\modules\cudafeatures2d\include /IC:\Intel\INDE\OpenCV_3.1_src\modules\cudalegacy\include /IC:\Intel\INDE\OpenCV_3.1_src\modules\cudaobjdetect\include /IC:\Intel\INDE\OpenCV_3.1_src\modules\cudaoptflow\include /IC:\Intel\INDE\OpenCV_3.1_src\modules\cudastereo\include /IC:\Intel\INDE\OpenCV_3.1_src\modules\stitching\include /IC:\Intel\INDE\OpenCV_3.1_src\modules\superres\include /IC:\Intel\INDE\OpenCV_3.1_src\modules\videostab\include /IC:\Users\Mato\Fixer\cuda_aruco\src /nologo /W3 /WX- /O2 /Ob2 /D WIN32 /D _WINDOWS /D NDEBUG /D OPENCV_VERSION_3 /D "CMAKE_INTDIR=\"Release\"" /D _MBCS /Gm- /EHsc /MD /GS /fp:precise /Zc:wchar_t /Zc:forScope /GR /Fo"aruco_board_pix2meters.dir\Release\\" /Fd"aruco_board_pix2meters.dir\Release\vc120.pdb" /Gd /TP /errorReport:prompt C:\Users\Mato\Fixer\cuda_aruco\utils\aruco_board_pix2meters.cpp
         aruco_board_pix2meters.cpp
     1>c:\users\mato\fixer\cuda_aruco\src\cameraparameters.h(55): warning C4290: C++ exception specification ignored except to indicate a function is not __declspec(nothrow)
     1>c:\users\mato\fixer\cuda_aruco\src\cameraparameters.h(61): warning C4290: C++ exception specification ignored except to indicate a function is not __declspec(nothrow)
     1>c:\users\mato\fixer\cuda_aruco\src\cameraparameters.h(76): warning C4290: C++ exception specification ignored except to indicate a function is not __declspec(nothrow)
     1>c:\users\mato\fixer\cuda_aruco\src\cameraparameters.h(79): warning C4290: C++ exception specification ignored except to indicate a function is not __declspec(nothrow)
     1>c:\users\mato\fixer\cuda_aruco\src\cameraparameters.h(83): warning C4290: C++ exception specification ignored except to indicate a function is not __declspec(nothrow)
     1>c:\users\mato\fixer\cuda_aruco\src\cameraparameters.h(87): warning C4290: C++ exception specification ignored except to indicate a function is not __declspec(nothrow)
     1>c:\users\mato\fixer\cuda_aruco\src\cameraparameters.h(105): warning C4290: C++ exception specification ignored except to indicate a function is not __declspec(nothrow)
     1>c:\users\mato\fixer\cuda_aruco\src\cameraparameters.h(118): warning C4290: C++ exception specification ignored except to indicate a function is not __declspec(nothrow)
     1>c:\users\mato\fixer\cuda_aruco\src\cameraparameters.h(128): warning C4290: C++ exception specification ignored except to indicate a function is not __declspec(nothrow)
     1>c:\users\mato\fixer\cuda_aruco\src\cameraparameters.h(129): warning C4290: C++ exception specification ignored except to indicate a function is not __declspec(nothrow)
     1>c:\users\mato\fixer\cuda_aruco\src\marker.h(75): warning C4290: C++ exception specification ignored except to indicate a function is not __declspec(nothrow)
     1>c:\users\mato\fixer\cuda_aruco\src\marker.h(82): warning C4290: C++ exception specification ignored except to indicate a function is not __declspec(nothrow)
     1>c:\users\mato\fixer\cuda_aruco\src\marker.h(87): warning C4290: C++ exception specification ignored except to indicate a function is not __declspec(nothrow)
     1>c:\users\mato\fixer\cuda_aruco\src\marker.h(99): warning C4290: C++ exception specification ignored except to indicate a function is not __declspec(nothrow)
     1>C:\Users\Mato\Fixer\cuda_aruco\src\board.h(86): warning C4290: C++ exception specification ignored except to indicate a function is not __declspec(nothrow)
     1>C:\Users\Mato\Fixer\cuda_aruco\src\board.h(97): warning C4290: C++ exception specification ignored except to indicate a function is not __declspec(nothrow)
     1>C:\Users\Mato\Fixer\cuda_aruco\src\board.h(100): warning C4290: C++ exception specification ignored except to indicate a function is not __declspec(nothrow)
     1>C:\Users\Mato\Fixer\cuda_aruco\src\board.h(112): warning C4290: C++ exception specification ignored except to indicate a function is not __declspec(nothrow)
     1>C:\Users\Mato\Fixer\cuda_aruco\src\board.h(120): warning C4290: C++ exception specification ignored except to indicate a function is not __declspec(nothrow)
     1>C:\Users\Mato\Fixer\cuda_aruco\src\board.h(123): warning C4290: C++ exception specification ignored except to indicate a function is not __declspec(nothrow)
     1>C:\Users\Mato\Fixer\cuda_aruco\src\board.h(146): warning C4290: C++ exception specification ignored except to indicate a function is not __declspec(nothrow)
     1>C:\Users\Mato\Fixer\cuda_aruco\src\board.h(158): warning C4290: C++ exception specification ignored except to indicate a function is not __declspec(nothrow)
     1>C:\Users\Mato\Fixer\cuda_aruco\src\board.h(163): warning C4290: C++ exception specification ignored except to indicate a function is not __declspec(nothrow)
     1>C:\Users\Mato\Fixer\cuda_aruco\src\board.h(166): warning C4290: C++ exception specification ignored except to indicate a function is not __declspec(nothrow)
     1>C:\Users\Mato\Fixer\cuda_aruco\utils\aruco_board_pix2meters.cpp(53): warning C4244: 'initializing' : conversion from 'double' to 'int', possible loss of data
     1>C:\Users\Mato\Fixer\cuda_aruco\utils\aruco_board_pix2meters.cpp(56): warning C4244: 'initializing' : conversion from 'double' to 'float', possible loss of data
       Link:
         C:\Program Files (x86)\Microsoft Visual Studio 12.0\VC\bin\x86_amd64\link.exe /ERRORREPORT:PROMPT /OUT:"C:\Users\Mato\Fixer\cuda_aruco\build\bin\Release\aruco_board_pix2meters.exe" /INCREMENTAL:NO /NOLOGO /LIBPATH:"C:/Program Files/NVIDIA GPU Computing Toolkit/CUDA/v7.5/lib/x64" /LIBPATH:"C:/Program Files/NVIDIA GPU Computing Toolkit/CUDA/v7.5/lib/x64/Release" kernel32.lib user32.lib gdi32.lib winspool.lib shell32.lib ole32.lib oleaut32.lib uuid.lib comdlg32.lib advapi32.lib ..\bin\Release\aruco130.lib C:\Intel\INDE\OpenCV_3.1_build_x64\lib\Release\opencv_videostab310.lib C:\Intel\INDE\OpenCV_3.1_build_x64\lib\Release\opencv_superres310.lib C:\Intel\INDE\OpenCV_3.1_build_x64\lib\Release\opencv_stitching310.lib C:\Intel\INDE\OpenCV_3.1_build_x64\lib\Release\opencv_shape310.lib C:\Intel\INDE\OpenCV_3.1_build_x64\lib\Release\opencv_photo310.lib C:\Intel\INDE\OpenCV_3.1_build_x64\lib\Release\opencv_cudastereo310.lib C:\Intel\INDE\OpenCV_3.1_build_x64\lib\Release\opencv_cudaoptflow310.lib C:\Intel\INDE\OpenCV_3.1_build_x64\lib\Release\opencv_cudaobjdetect310.lib C:\Intel\INDE\OpenCV_3.1_build_x64\lib\Release\opencv_cudalegacy310.lib C:\Intel\INDE\OpenCV_3.1_build_x64\lib\Release\opencv_cudaimgproc310.lib C:\Intel\INDE\OpenCV_3.1_build_x64\lib\Release\opencv_cudafeatures2d310.lib C:\Intel\INDE\OpenCV_3.1_build_x64\lib\Release\opencv_cudacodec310.lib C:\Intel\INDE\OpenCV_3.1_build_x64\lib\Release\opencv_cudabgsegm310.lib C:\Intel\INDE\OpenCV_3.1_build_x64\lib\Release\opencv_calib3d310.lib C:\Intel\INDE\OpenCV_3.1_build_x64\lib\Release\opencv_objdetect310.lib C:\Intel\INDE\OpenCV_3.1_build_x64\lib\Release\opencv_cudawarping310.lib C:\Intel\INDE\OpenCV_3.1_build_x64\lib\Release\opencv_cudafilters310.lib C:\Intel\INDE\OpenCV_3.1_build_x64\lib\Release\opencv_video310.lib C:\Intel\INDE\OpenCV_3.1_build_x64\lib\Release\opencv_cudaarithm310.lib C:\Intel\INDE\OpenCV_3.1_build_x64\lib\Release\opencv_features2d310.lib C:\Intel\INDE\OpenCV_3.1_build_x64\lib\Release\opencv_ml310.lib C:\Intel\INDE\OpenCV_3.1_build_x64\lib\Release\opencv_highgui310.lib C:\Intel\INDE\OpenCV_3.1_build_x64\lib\Release\opencv_videoio310.lib C:\Intel\INDE\OpenCV_3.1_build_x64\lib\Release\opencv_imgcodecs310.lib C:\Intel\INDE\OpenCV_3.1_build_x64\lib\Release\opencv_imgproc310.lib C:\Intel\INDE\OpenCV_3.1_build_x64\lib\Release\opencv_flann310.lib C:\Intel\INDE\OpenCV_3.1_build_x64\lib\Release\opencv_core310.lib C:\Intel\INDE\OpenCV_3.1_build_x64\lib\Release\opencv_cudev310.lib ..\bin\Release\cuda_aruco.lib "C:\Program Files\NVIDIA GPU Computing Toolkit\CUDA\v7.5\lib\x64\cudart_static.lib" "C:\Program Files\NVIDIA GPU Computing Toolkit\CUDA\v7.5\lib\x64\cudadevrt.lib" /MANIFEST /MANIFESTUAC:"level='asInvoker' uiAccess='false'" /manifest:embed /PDB:"C:/Users/Mato/Fixer/cuda_aruco/build/bin/Release/aruco_board_pix2meters.pdb" /SUBSYSTEM:CONSOLE /TLBID:1 /DYNAMICBASE /NXCOMPAT /IMPLIB:"C:/Users/Mato/Fixer/cuda_aruco/build/bin/Release/aruco_board_pix2meters.lib" /MACHINE:X64   /machine:x64 aruco_board_pix2meters.dir\Release\aruco_board_pix2meters.obj
         aruco_board_pix2meters.vcxproj -> C:\Users\Mato\Fixer\cuda_aruco\build\bin\Release\aruco_board_pix2meters.exe
     1>Done Building Project "c:\Users\Mato\Fixer\cuda_aruco\build\utils\aruco_board_pix2meters.vcxproj" (Rebuild target(s)).

Build succeeded.

Time Elapsed 00:00:02.59
