Build started 6.6.2017 22:00:33.
     1>Project "c:\Users\Mato\Fixer\cuda_aruco\build\src\cuda_aruco.vcxproj" on node 2 (Rebuild target(s)).
     1>CustomBuild:
         Building NVCC (Device) object src/CMakeFiles/cuda_aruco.dir/Release/cuda_aruco_generated_cuda_aruco.cu.obj
         cuda_aruco.cu
         cuda_aruco.cu
     1>C:/Users/Mato/Fixer/cuda_aruco/src/cuda_aruco.cu(41): warning C4267: '=' : conversion from 'size_t' to 'int', possible loss of data
     1>C:/Users/Mato/Fixer/cuda_aruco/src/cuda_aruco.cu(42): warning C4267: '=' : conversion from 'size_t' to 'int', possible loss of data
     1>C:/Users/Mato/Fixer/cuda_aruco/src/cuda_aruco.cu(43): warning C4267: '=' : conversion from 'size_t' to 'int', possible loss of data
     1>C:/Users/Mato/Fixer/cuda_aruco/src/cuda_aruco.cu(46): warning C4267: '=' : conversion from 'size_t' to 'int', possible loss of data
     1>C:/Users/Mato/Fixer/cuda_aruco/src/cuda_aruco.cu(222): warning C4267: 'argument' : conversion from 'size_t' to 'int', possible loss of data
     1>C:/Users/Mato/Fixer/cuda_aruco/src/cuda_aruco.cu(224): warning C4267: 'argument' : conversion from 'size_t' to 'int', possible loss of data
     1>C:/Users/Mato/Fixer/cuda_aruco/src/cuda_aruco.cu(226): warning C4267: 'argument' : conversion from 'size_t' to 'int', possible loss of data
     1>C:/Users/Mato/Fixer/cuda_aruco/src/cuda_aruco.cu(231): warning C4267: 'argument' : conversion from 'size_t' to 'int', possible loss of data
         Building NVCC (Device) object src/CMakeFiles/cuda_aruco.dir/Release/cuda_aruco_generated_cudaImage.cu.obj
         cudaImage.cu
         cudaImage.cu
         Building Custom Rule C:/Users/Mato/Fixer/cuda_aruco/src/CMakeLists.txt
         CMake does not need to re-run because C:/Users/Mato/Fixer/cuda_aruco/build/src/CMakeFiles/generate.stamp is up-to-date.
         Building NVCC intermediate link file src/CMakeFiles/cuda_aruco.dir/Release/cuda_aruco_intermediate_link.obj
         cuda_aruco_generated_cuda_aruco.cu.obj
         cuda_aruco_generated_cudaImage.cu.obj
       Link:
         C:\Program Files (x86)\Microsoft Visual Studio 12.0\VC\bin\x86_amd64\link.exe /ERRORREPORT:PROMPT /OUT:"C:\Users\Mato\Fixer\cuda_aruco\build\bin\Release\cuda_aruco.dll" /INCREMENTAL:NO /NOLOGO /LIBPATH:"C:/Program Files/NVIDIA GPU Computing Toolkit/CUDA/v7.5/lib/x64" /LIBPATH:"C:/Program Files/NVIDIA GPU Computing Toolkit/CUDA/v7.5/lib/x64/Release" kernel32.lib user32.lib gdi32.lib winspool.lib shell32.lib ole32.lib oleaut32.lib uuid.lib comdlg32.lib advapi32.lib "C:\Program Files\NVIDIA GPU Computing Toolkit\CUDA\v7.5\lib\x64\cudart_static.lib" "C:\Program Files\NVIDIA GPU Computing Toolkit\CUDA\v7.5\lib\x64\cudadevrt.lib" /MANIFEST /MANIFESTUAC:"level='asInvoker' uiAccess='false'" /manifest:embed /PDB:"C:/Users/Mato/Fixer/cuda_aruco/build/bin/Release/cuda_aruco.pdb" /SUBSYSTEM:CONSOLE /TLBID:1 /DYNAMICBASE /NXCOMPAT /IMPLIB:"C:/Users/Mato/Fixer/cuda_aruco/build/bin/Release/cuda_aruco.lib" /MACHINE:X64   /machine:x64 /DLL C:\Users\Mato\Fixer\cuda_aruco\build\src\CMakeFiles\cuda_aruco.dir\Release\cuda_aruco_generated_cuda_aruco.cu.obj
         C:\Users\Mato\Fixer\cuda_aruco\build\src\CMakeFiles\cuda_aruco.dir\Release\cuda_aruco_generated_cudaImage.cu.obj
         C:\Users\Mato\Fixer\cuda_aruco\build\src\CMakeFiles\cuda_aruco.dir\Release\cuda_aruco_intermediate_link.obj
            Creating library C:/Users/Mato/Fixer/cuda_aruco/build/bin/Release/cuda_aruco.lib and object C:/Users/Mato/Fixer/cuda_aruco/build/bin/Release/cuda_aruco.exp
         cuda_aruco.vcxproj -> C:\Users\Mato\Fixer\cuda_aruco\build\bin\Release\cuda_aruco.dll
     1>Done Building Project "c:\Users\Mato\Fixer\cuda_aruco\build\src\cuda_aruco.vcxproj" (Rebuild target(s)).

Build succeeded.

Time Elapsed 00:00:14.22
