Build started 6.6.2017 17:43:44.
     1>Project "c:\Users\Mato\Fixer\cuda_aruco\build\src\aruco.vcxproj" on node 2 (Build target(s)).
     1>Link:
         C:\Program Files (x86)\Microsoft Visual Studio 12.0\VC\bin\x86_amd64\link.exe /ERRORREPORT:PROMPT /OUT:"C:\Users\Mato\Fixer\cuda_aruco\build\bin\Release\aruco130.dll" /INCREMENTAL:NO /NOLOGO /LIBPATH:"C:/Program Files/NVIDIA GPU Computing Toolkit/CUDA/v7.5/lib/x64" /LIBPATH:"C:/Program Files/NVIDIA GPU Computing Toolkit/CUDA/v7.5/lib/x64/Release" kernel32.lib user32.lib gdi32.lib winspool.lib shell32.lib ole32.lib oleaut32.lib uuid.lib comdlg32.lib advapi32.lib C:\Intel\INDE\OpenCV_3.1_build_x64\lib\Release\opencv_videostab310.lib C:\Intel\INDE\OpenCV_3.1_build_x64\lib\Release\opencv_superres310.lib C:\Intel\INDE\OpenCV_3.1_build_x64\lib\Release\opencv_stitching310.lib C:\Intel\INDE\OpenCV_3.1_build_x64\lib\Release\opencv_shape310.lib C:\Intel\INDE\OpenCV_3.1_build_x64\lib\Release\opencv_photo310.lib C:\Intel\INDE\OpenCV_3.1_build_x64\lib\Release\opencv_cudastereo310.lib C:\Intel\INDE\OpenCV_3.1_build_x64\lib\Release\opencv_cudaoptflow310.lib C:\Intel\INDE\OpenCV_3.1_build_x64\lib\Release\opencv_cudaobjdetect310.lib C:\Intel\INDE\OpenCV_3.1_build_x64\lib\Release\opencv_cudalegacy310.lib C:\Intel\INDE\OpenCV_3.1_build_x64\lib\Release\opencv_cudaimgproc310.lib C:\Intel\INDE\OpenCV_3.1_build_x64\lib\Release\opencv_cudafeatures2d310.lib C:\Intel\INDE\OpenCV_3.1_build_x64\lib\Release\opencv_cudacodec310.lib C:\Intel\INDE\OpenCV_3.1_build_x64\lib\Release\opencv_cudabgsegm310.lib C:\Intel\INDE\OpenCV_3.1_build_x64\lib\Release\opencv_calib3d310.lib ..\bin\Release\cuda_aruco.lib C:\Intel\INDE\OpenCV_3.1_build_x64\lib\Release\opencv_cudawarping310.lib C:\Intel\INDE\OpenCV_3.1_build_x64\lib\Release\opencv_objdetect310.lib C:\Intel\INDE\OpenCV_3.1_build_x64\lib\Release\opencv_cudafilters310.lib C:\Intel\INDE\OpenCV_3.1_build_x64\lib\Release\opencv_cudaarithm310.lib C:\Intel\INDE\OpenCV_3.1_build_x64\lib\Release\opencv_features2d310.lib C:\Intel\INDE\OpenCV_3.1_build_x64\lib\Release\opencv_ml310.lib C:\Intel\INDE\OpenCV_3.1_build_x64\lib\Release\opencv_highgui310.lib C:\Intel\INDE\OpenCV_3.1_build_x64\lib\Release\opencv_videoio310.lib C:\Intel\INDE\OpenCV_3.1_build_x64\lib\Release\opencv_imgcodecs310.lib C:\Intel\INDE\OpenCV_3.1_build_x64\lib\Release\opencv_flann310.lib C:\Intel\INDE\OpenCV_3.1_build_x64\lib\Release\opencv_video310.lib C:\Intel\INDE\OpenCV_3.1_build_x64\lib\Release\opencv_imgproc310.lib C:\Intel\INDE\OpenCV_3.1_build_x64\lib\Release\opencv_core310.lib C:\Intel\INDE\OpenCV_3.1_build_x64\lib\Release\opencv_cudev310.lib "C:\Program Files\NVIDIA GPU Computing Toolkit\CUDA\v7.5\lib\x64\cudart_static.lib" "C:\Program Files\NVIDIA GPU Computing Toolkit\CUDA\v7.5\lib\x64\cudadevrt.lib" /MANIFEST /MANIFESTUAC:"level='asInvoker' uiAccess='false'" /manifest:embed /PDB:"C:/Users/Mato/Fixer/cuda_aruco/build/bin/Release/aruco130.pdb" /SUBSYSTEM:CONSOLE /TLBID:1 /DYNAMICBASE /NXCOMPAT /IMPLIB:"C:/Users/Mato/Fixer/cuda_aruco/build/bin/Release/aruco130.lib" /MACHINE:X64   /machine:x64 /DLL aruco.dir\Release\ar_omp.obj
         aruco.dir\Release\arucofidmarkers.obj
         aruco.dir\Release\board.obj
         aruco.dir\Release\boarddetector.obj
         aruco.dir\Release\cameraparameters.obj
         aruco.dir\Release\chromaticmask.obj
         aruco.dir\Release\cvdrawingutils.obj
         aruco.dir\Release\highlyreliablemarkers.obj
         aruco.dir\Release\marker.obj
         aruco.dir\Release\markerdetector.obj
         aruco.dir\Release\subpixelcorner.obj
         CMakeFiles\cuda_aruco.dir\Debug\cuda_aruco_generated_cudaImage.cu.obj
         CMakeFiles\cuda_aruco.dir\Debug\cuda_aruco_generated_cuda_aruco.cu.obj
         CMakeFiles\cuda_aruco.dir\Debug\cuda_aruco_intermediate_link.obj
            Creating library C:/Users/Mato/Fixer/cuda_aruco/build/bin/Release/aruco130.lib and object C:/Users/Mato/Fixer/cuda_aruco/build/bin/Release/aruco130.exp
         aruco.vcxproj -> C:\Users\Mato\Fixer\cuda_aruco\build\bin\Release\aruco130.dll
     1>Done Building Project "c:\Users\Mato\Fixer\cuda_aruco\build\src\aruco.vcxproj" (Build target(s)).

Build succeeded.

Time Elapsed 00:00:00.30
