c:\users\mato\fixer\cuda_aruco\build\bin\release\aruco130.lib
c:\users\mato\fixer\cuda_aruco\build\bin\release\aruco130.exp
c:\users\mato\fixer\cuda_aruco\build\src\aruco.dir\release\subpixelcorner.obj
c:\users\mato\fixer\cuda_aruco\build\src\aruco.dir\release\markerdetector.obj
c:\users\mato\fixer\cuda_aruco\build\src\aruco.dir\release\marker.obj
c:\users\mato\fixer\cuda_aruco\build\src\aruco.dir\release\highlyreliablemarkers.obj
c:\users\mato\fixer\cuda_aruco\build\src\aruco.dir\release\cvdrawingutils.obj
c:\users\mato\fixer\cuda_aruco\build\src\aruco.dir\release\chromaticmask.obj
c:\users\mato\fixer\cuda_aruco\build\src\aruco.dir\release\cameraparameters.obj
c:\users\mato\fixer\cuda_aruco\build\src\aruco.dir\release\boarddetector.obj
c:\users\mato\fixer\cuda_aruco\build\src\aruco.dir\release\board.obj
c:\users\mato\fixer\cuda_aruco\build\src\aruco.dir\release\arucofidmarkers.obj
c:\users\mato\fixer\cuda_aruco\build\src\aruco.dir\release\ar_omp.obj
c:\users\mato\fixer\cuda_aruco\build\src\cmakefiles\cuda_aruco.dir\release\cuda_aruco_generated_cudaimage.cu.obj
c:\users\mato\fixer\cuda_aruco\build\src\cmakefiles\cuda_aruco.dir\release\cuda_aruco_generated_cuda_aruco.cu.obj
c:\users\mato\fixer\cuda_aruco\build\src\cmakefiles\generate.stamp
c:\users\mato\fixer\cuda_aruco\build\bin\release\aruco130.dll
c:\users\mato\fixer\cuda_aruco\build\src\aruco.dir\release\aruco.tlog\aruco.write.1u.tlog
c:\users\mato\fixer\cuda_aruco\build\src\aruco.dir\release\aruco.tlog\cl.command.1.tlog
c:\users\mato\fixer\cuda_aruco\build\src\aruco.dir\release\aruco.tlog\cl.read.1.tlog
c:\users\mato\fixer\cuda_aruco\build\src\aruco.dir\release\aruco.tlog\cl.write.1.tlog
c:\users\mato\fixer\cuda_aruco\build\src\aruco.dir\release\aruco.tlog\custombuild.command.1.tlog
c:\users\mato\fixer\cuda_aruco\build\src\aruco.dir\release\aruco.tlog\custombuild.read.1.tlog
c:\users\mato\fixer\cuda_aruco\build\src\aruco.dir\release\aruco.tlog\custombuild.write.1.tlog
c:\users\mato\fixer\cuda_aruco\build\src\aruco.dir\release\aruco.tlog\link.command.1.tlog
c:\users\mato\fixer\cuda_aruco\build\src\aruco.dir\release\aruco.tlog\link.read.1.tlog
c:\users\mato\fixer\cuda_aruco\build\src\aruco.dir\release\aruco.tlog\link.write.1.tlog
